<?xml version="1.0" encoding="UTF-8"?>
<!-- Generated by org.testng.reporters.JUnitReportReporter -->
<testsuite skipped="0" hostname="pc" name="testRunner.TestRunnerWithTestng" tests="1" failures="0" timestamp="16 Mar 2020 11:09:20 GMT" time="24.972" errors="0">
  <testcase name="runScenario" time="24.972" classname="testRunner.TestRunnerWithTestng"/>
</testsuite> <!-- testRunner.TestRunnerWithTestng -->
