<?xml version="1.0" encoding="UTF-8"?>
<!-- Generated by org.testng.reporters.JUnitReportReporter -->
<testsuite skipped="0" hostname="pc" name="testRunner.TestRunnerWithTestng" tests="3" failures="0" timestamp="16 Mar 2020 09:34:50 GMT" time="41.971" errors="0">
  <testcase name="runScenario" time="15.602" classname="testRunner.TestRunnerWithTestng"/>
  <testcase name="runScenario" time="15.912" classname="testRunner.TestRunnerWithTestng"/>
  <testcase name="runScenario" time="10.457" classname="testRunner.TestRunnerWithTestng"/>
</testsuite> <!-- testRunner.TestRunnerWithTestng -->
